Flutter crash report.
Please report a bug at https://github.com/flutter/flutter/issues.

## command

flutter run --machine --dart-define=flutter.inspector.structuredErrors=false -d R5CY31RTZ3L --profile --devtools-server-address http://127.0.0.1:9100/ --target C:\Users\DIDAR\flutter_projs\Bannerweb_Mobile\lib\main.dart

## exception

String: failed to connect to http://127.0.0.1:64519/R7XBqfqJdCs=/ DartDevelopmentServiceException: WebSocketChannelException: HttpException: Connection closed before full header was received, uri = http://127.0.0.1:64519/R7XBqfqJdCs=/ws

```
```

## flutter doctor

```
[✓] Flutter (Channel stable, 3.38.3, on Microsoft Windows [Version 10.0.26100.7171], locale en-US) [703ms]
    • Flutter version 3.38.3 on channel stable at C:\src\flutter
    • Upstream repository https://github.com/flutter/flutter.git
    • Framework revision 19074d12f7 (5 days ago), 2025-11-20 17:53:13 -0500
    • Engine revision 13e658725d
    • Dart version 3.10.1
    • DevTools version 2.51.1
    • Feature flags: enable-web, enable-linux-desktop, enable-macos-desktop, enable-windows-desktop, enable-android, enable-ios, cli-animations, enable-native-assets, omit-legacy-version-file, enable-lldb-debugging

[✓] Windows Version (Windows 11 or higher, 24H2, 2009) [2.6s]

[✓] Android toolchain - develop for Android devices (Android SDK version 36.0.0) [14.3s]
    • Android SDK at C:\Users\DIDAR\AppData\Local\Android\sdk
    • Emulator version 36.2.12.0 (build_id 14214601) (CL:N/A)
    • Platform android-36, build-tools 36.0.0
    • Java binary at: D:\New folder\jbr\bin\java
      This is the JDK bundled with the latest Android Studio installation on this machine.
      To manually set the JDK path, use: `flutter config --jdk-dir="path/to/jdk"`.
    • Java version OpenJDK Runtime Environment (build 21.0.6+-13391695-b895.109)
    • All Android licenses accepted.

[✗] Chrome - develop for the web (Cannot find Chrome executable at .\Google\Chrome\Application\chrome.exe) [25ms]
    ! Cannot find Chrome. Try setting CHROME_EXECUTABLE to a Chrome executable.

[✗] Visual Studio - develop Windows apps [23ms]
    ✗ Visual Studio not installed; this is necessary to develop Windows apps.
      Download at https://visualstudio.microsoft.com/downloads/.
      Please install the "Desktop development with C++" workload, including all of its default components

[✓] Connected device (3 available) [1,426ms]
    • SM A266B (mobile) • R5CY31RTZ3L • android-arm64  • Android 15 (API 35)
    • Windows (desktop) • windows     • windows-x64    • Microsoft Windows [Version 10.0.26100.7171]
    • Edge (web)        • edge        • web-javascript • Microsoft Edge 142.0.3595.94
    ! Device emulator-5562 is offline.

[✓] Network resources [1,419ms]
    • All expected network resources are available.

! Doctor found issues in 2 categories.
```
